Build started 13-09-2021 01:04:02.
     1>Project "C:\Users\DELL\Desktop\Speech\Thesaurus-Lookup\Voice-Based-Thesaurus-Lookup\Voice-Based-Thesaurus-Lookup\Voice-Based-Thesaurus-Lookup.vcxproj" on node 2 (build target(s)).
     1>PrepareForBuild:
         Creating directory "C:\Users\DELL\Desktop\Speech\Thesaurus-Lookup\Voice-Based-Thesaurus-Lookup\Debug\".
       InitializeBuildStatus:
         Creating "Debug\Voice-Based-Thesaurus-Lookup.unsuccessfulbuild" because "AlwaysCreate" was specified.
       ClCompile:
         C:\Program Files (x86)\Microsoft Visual Studio 10.0\VC\bin\CL.exe /c /ZI /nologo /W3 /WX- /Od /Oy- /D WIN32 /D _DEBUG /D _CONSOLE /D _UNICODE /D UNICODE /Gm /EHsc /RTC1 /MDd /GS /fp:precise /Zc:wchar_t /Zc:forScope /Yc"StdAfx.h" /Fp"Debug\Voice-Based-Thesaurus-Lookup.pch" /Fo"Debug\\" /Fd"Debug\vc100.pdb" /Gd /TP /analyze- /errorReport:prompt stdafx.cpp
         stdafx.cpp
         C:\Program Files (x86)\Microsoft Visual Studio 10.0\VC\bin\CL.exe /c /ZI /nologo /W3 /WX- /Od /Oy- /D WIN32 /D _DEBUG /D _CONSOLE /D _UNICODE /D UNICODE /Gm /EHsc /RTC1 /MDd /GS /fp:precise /Zc:wchar_t /Zc:forScope /Yu"StdAfx.h" /Fp"Debug\Voice-Based-Thesaurus-Lookup.pch" /Fo"Debug\\" /Fd"Debug\vc100.pdb" /Gd /TP /analyze- /errorReport:prompt "Voice-Based-Thesaurus-Lookup.cpp"
         Voice-Based-Thesaurus-Lookup.cpp
     1>c:\users\dell\desktop\speech\thesaurus-lookup\voice-based-thesaurus-lookup\voice-based-thesaurus-lookup\voice-based-thesaurus-lookup.cpp(75): warning C4018: '<' : signed/unsigned mismatch
     1>c:\users\dell\desktop\speech\thesaurus-lookup\voice-based-thesaurus-lookup\voice-based-thesaurus-lookup\voice-based-thesaurus-lookup.cpp(121): warning C4244: '=' : conversion from 'double' to 'long', possible loss of data
     1>c:\users\dell\desktop\speech\thesaurus-lookup\voice-based-thesaurus-lookup\voice-based-thesaurus-lookup\voice-based-thesaurus-lookup.cpp(472): warning C4996: 'fopen': This function or variable may be unsafe. Consider using fopen_s instead. To disable deprecation, use _CRT_SECURE_NO_WARNINGS. See online help for details.
                 c:\program files (x86)\microsoft visual studio 10.0\vc\include\stdio.h(234) : see declaration of 'fopen'
     1>c:\users\dell\desktop\speech\thesaurus-lookup\voice-based-thesaurus-lookup\voice-based-thesaurus-lookup\voice-based-thesaurus-lookup.cpp(477): warning C4996: 'fscanf': This function or variable may be unsafe. Consider using fscanf_s instead. To disable deprecation, use _CRT_SECURE_NO_WARNINGS. See online help for details.
                 c:\program files (x86)\microsoft visual studio 10.0\vc\include\stdio.h(253) : see declaration of 'fscanf'
     1>c:\users\dell\desktop\speech\thesaurus-lookup\voice-based-thesaurus-lookup\voice-based-thesaurus-lookup\voice-based-thesaurus-lookup.cpp(482): warning C4996: 'fopen': This function or variable may be unsafe. Consider using fopen_s instead. To disable deprecation, use _CRT_SECURE_NO_WARNINGS. See online help for details.
                 c:\program files (x86)\microsoft visual studio 10.0\vc\include\stdio.h(234) : see declaration of 'fopen'
     1>c:\users\dell\desktop\speech\thesaurus-lookup\voice-based-thesaurus-lookup\voice-based-thesaurus-lookup\voice-based-thesaurus-lookup.cpp(487): warning C4996: 'fscanf': This function or variable may be unsafe. Consider using fscanf_s instead. To disable deprecation, use _CRT_SECURE_NO_WARNINGS. See online help for details.
                 c:\program files (x86)\microsoft visual studio 10.0\vc\include\stdio.h(253) : see declaration of 'fscanf'
     1>c:\users\dell\desktop\speech\thesaurus-lookup\voice-based-thesaurus-lookup\voice-based-thesaurus-lookup\voice-based-thesaurus-lookup.cpp(498): warning C4996: 'sprintf': This function or variable may be unsafe. Consider using sprintf_s instead. To disable deprecation, use _CRT_SECURE_NO_WARNINGS. See online help for details.
                 c:\program files (x86)\microsoft visual studio 10.0\vc\include\stdio.h(371) : see declaration of 'sprintf'
     1>c:\users\dell\desktop\speech\thesaurus-lookup\voice-based-thesaurus-lookup\voice-based-thesaurus-lookup\voice-based-thesaurus-lookup.cpp(499): warning C4996: 'fopen': This function or variable may be unsafe. Consider using fopen_s instead. To disable deprecation, use _CRT_SECURE_NO_WARNINGS. See online help for details.
                 c:\program files (x86)\microsoft visual studio 10.0\vc\include\stdio.h(234) : see declaration of 'fopen'
     1>c:\users\dell\desktop\speech\thesaurus-lookup\voice-based-thesaurus-lookup\voice-based-thesaurus-lookup\voice-based-thesaurus-lookup.cpp(505): warning C4996: 'fscanf': This function or variable may be unsafe. Consider using fscanf_s instead. To disable deprecation, use _CRT_SECURE_NO_WARNINGS. See online help for details.
                 c:\program files (x86)\microsoft visual studio 10.0\vc\include\stdio.h(253) : see declaration of 'fscanf'
     1>c:\users\dell\desktop\speech\thesaurus-lookup\voice-based-thesaurus-lookup\voice-based-thesaurus-lookup\voice-based-thesaurus-lookup.cpp(511): warning C4258: 'i' : definition from the for loop is ignored; the definition from the enclosing scope is used
                 c:\users\dell\desktop\speech\thesaurus-lookup\voice-based-thesaurus-lookup\voice-based-thesaurus-lookup\voice-based-thesaurus-lookup.cpp(501) : definition of 'i' ignored
                 c:\users\dell\desktop\speech\thesaurus-lookup\voice-based-thesaurus-lookup\voice-based-thesaurus-lookup\voice-based-thesaurus-lookup.cpp(493) : definition of 'i' used
     1>c:\users\dell\desktop\speech\thesaurus-lookup\voice-based-thesaurus-lookup\voice-based-thesaurus-lookup\voice-based-thesaurus-lookup.cpp(511): warning C4996: 'sprintf': This function or variable may be unsafe. Consider using sprintf_s instead. To disable deprecation, use _CRT_SECURE_NO_WARNINGS. See online help for details.
                 c:\program files (x86)\microsoft visual studio 10.0\vc\include\stdio.h(371) : see declaration of 'sprintf'
     1>c:\users\dell\desktop\speech\thesaurus-lookup\voice-based-thesaurus-lookup\voice-based-thesaurus-lookup\voice-based-thesaurus-lookup.cpp(512): warning C4996: 'fopen': This function or variable may be unsafe. Consider using fopen_s instead. To disable deprecation, use _CRT_SECURE_NO_WARNINGS. See online help for details.
                 c:\program files (x86)\microsoft visual studio 10.0\vc\include\stdio.h(234) : see declaration of 'fopen'
     1>c:\users\dell\desktop\speech\thesaurus-lookup\voice-based-thesaurus-lookup\voice-based-thesaurus-lookup\voice-based-thesaurus-lookup.cpp(518): warning C4996: 'fscanf': This function or variable may be unsafe. Consider using fscanf_s instead. To disable deprecation, use _CRT_SECURE_NO_WARNINGS. See online help for details.
                 c:\program files (x86)\microsoft visual studio 10.0\vc\include\stdio.h(253) : see declaration of 'fscanf'
     1>c:\users\dell\desktop\speech\thesaurus-lookup\voice-based-thesaurus-lookup\voice-based-thesaurus-lookup\voice-based-thesaurus-lookup.cpp(575): warning C4996: 'sprintf': This function or variable may be unsafe. Consider using sprintf_s instead. To disable deprecation, use _CRT_SECURE_NO_WARNINGS. See online help for details.
                 c:\program files (x86)\microsoft visual studio 10.0\vc\include\stdio.h(371) : see declaration of 'sprintf'
     1>c:\users\dell\desktop\speech\thesaurus-lookup\voice-based-thesaurus-lookup\voice-based-thesaurus-lookup\voice-based-thesaurus-lookup.cpp(576): warning C4996: 'fopen': This function or variable may be unsafe. Consider using fopen_s instead. To disable deprecation, use _CRT_SECURE_NO_WARNINGS. See online help for details.
                 c:\program files (x86)\microsoft visual studio 10.0\vc\include\stdio.h(234) : see declaration of 'fopen'
     1>c:\users\dell\desktop\speech\thesaurus-lookup\voice-based-thesaurus-lookup\voice-based-thesaurus-lookup\voice-based-thesaurus-lookup.cpp(589): warning C4258: 'i' : definition from the for loop is ignored; the definition from the enclosing scope is used
                 c:\users\dell\desktop\speech\thesaurus-lookup\voice-based-thesaurus-lookup\voice-based-thesaurus-lookup\voice-based-thesaurus-lookup.cpp(578) : definition of 'i' ignored
                 c:\users\dell\desktop\speech\thesaurus-lookup\voice-based-thesaurus-lookup\voice-based-thesaurus-lookup\voice-based-thesaurus-lookup.cpp(572) : definition of 'i' used
     1>c:\users\dell\desktop\speech\thesaurus-lookup\voice-based-thesaurus-lookup\voice-based-thesaurus-lookup\voice-based-thesaurus-lookup.cpp(589): warning C4996: 'sprintf': This function or variable may be unsafe. Consider using sprintf_s instead. To disable deprecation, use _CRT_SECURE_NO_WARNINGS. See online help for details.
                 c:\program files (x86)\microsoft visual studio 10.0\vc\include\stdio.h(371) : see declaration of 'sprintf'
     1>c:\users\dell\desktop\speech\thesaurus-lookup\voice-based-thesaurus-lookup\voice-based-thesaurus-lookup\voice-based-thesaurus-lookup.cpp(590): warning C4996: 'fopen': This function or variable may be unsafe. Consider using fopen_s instead. To disable deprecation, use _CRT_SECURE_NO_WARNINGS. See online help for details.
                 c:\program files (x86)\microsoft visual studio 10.0\vc\include\stdio.h(234) : see declaration of 'fopen'
     1>c:\users\dell\desktop\speech\thesaurus-lookup\voice-based-thesaurus-lookup\voice-based-thesaurus-lookup\voice-based-thesaurus-lookup.cpp(606): warning C4996: 'sprintf': This function or variable may be unsafe. Consider using sprintf_s instead. To disable deprecation, use _CRT_SECURE_NO_WARNINGS. See online help for details.
                 c:\program files (x86)\microsoft visual studio 10.0\vc\include\stdio.h(371) : see declaration of 'sprintf'
     1>c:\users\dell\desktop\speech\thesaurus-lookup\voice-based-thesaurus-lookup\voice-based-thesaurus-lookup\voice-based-thesaurus-lookup.cpp(607): warning C4996: 'fopen': This function or variable may be unsafe. Consider using fopen_s instead. To disable deprecation, use _CRT_SECURE_NO_WARNINGS. See online help for details.
                 c:\program files (x86)\microsoft visual studio 10.0\vc\include\stdio.h(234) : see declaration of 'fopen'
     1>c:\users\dell\desktop\speech\thesaurus-lookup\voice-based-thesaurus-lookup\voice-based-thesaurus-lookup\voice-based-thesaurus-lookup.cpp(620): warning C4996: 'sprintf': This function or variable may be unsafe. Consider using sprintf_s instead. To disable deprecation, use _CRT_SECURE_NO_WARNINGS. See online help for details.
                 c:\program files (x86)\microsoft visual studio 10.0\vc\include\stdio.h(371) : see declaration of 'sprintf'
     1>c:\users\dell\desktop\speech\thesaurus-lookup\voice-based-thesaurus-lookup\voice-based-thesaurus-lookup\voice-based-thesaurus-lookup.cpp(621): warning C4996: 'fopen': This function or variable may be unsafe. Consider using fopen_s instead. To disable deprecation, use _CRT_SECURE_NO_WARNINGS. See online help for details.
                 c:\program files (x86)\microsoft visual studio 10.0\vc\include\stdio.h(234) : see declaration of 'fopen'
     1>c:\users\dell\desktop\speech\thesaurus-lookup\voice-based-thesaurus-lookup\voice-based-thesaurus-lookup\voice-based-thesaurus-lookup.cpp(647): warning C4244: '=' : conversion from 'long double' to 'int', possible loss of data
     1>c:\users\dell\desktop\speech\thesaurus-lookup\voice-based-thesaurus-lookup\voice-based-thesaurus-lookup\voice-based-thesaurus-lookup.cpp(653): warning C4244: '+=' : conversion from 'long double' to 'int', possible loss of data
     1>c:\users\dell\desktop\speech\thesaurus-lookup\voice-based-thesaurus-lookup\voice-based-thesaurus-lookup\voice-based-thesaurus-lookup.cpp(838): warning C4258: 'i' : definition from the for loop is ignored; the definition from the enclosing scope is used
                 c:\users\dell\desktop\speech\thesaurus-lookup\voice-based-thesaurus-lookup\voice-based-thesaurus-lookup\voice-based-thesaurus-lookup.cpp(828) : definition of 'i' ignored
                 c:\users\dell\desktop\speech\thesaurus-lookup\voice-based-thesaurus-lookup\voice-based-thesaurus-lookup\voice-based-thesaurus-lookup.cpp(792) : definition of 'i' used
     1>c:\users\dell\desktop\speech\thesaurus-lookup\voice-based-thesaurus-lookup\voice-based-thesaurus-lookup\voice-based-thesaurus-lookup.cpp(916): warning C4996: 'fopen': This function or variable may be unsafe. Consider using fopen_s instead. To disable deprecation, use _CRT_SECURE_NO_WARNINGS. See online help for details.
                 c:\program files (x86)\microsoft visual studio 10.0\vc\include\stdio.h(234) : see declaration of 'fopen'
     1>c:\users\dell\desktop\speech\thesaurus-lookup\voice-based-thesaurus-lookup\voice-based-thesaurus-lookup\voice-based-thesaurus-lookup.cpp(921): warning C4996: 'fscanf': This function or variable may be unsafe. Consider using fscanf_s instead. To disable deprecation, use _CRT_SECURE_NO_WARNINGS. See online help for details.
                 c:\program files (x86)\microsoft visual studio 10.0\vc\include\stdio.h(253) : see declaration of 'fscanf'
     1>c:\users\dell\desktop\speech\thesaurus-lookup\voice-based-thesaurus-lookup\voice-based-thesaurus-lookup\voice-based-thesaurus-lookup.cpp(929): warning C4996: 'fopen': This function or variable may be unsafe. Consider using fopen_s instead. To disable deprecation, use _CRT_SECURE_NO_WARNINGS. See online help for details.
                 c:\program files (x86)\microsoft visual studio 10.0\vc\include\stdio.h(234) : see declaration of 'fopen'
     1>c:\users\dell\desktop\speech\thesaurus-lookup\voice-based-thesaurus-lookup\voice-based-thesaurus-lookup\voice-based-thesaurus-lookup.cpp(934): warning C4996: 'fscanf': This function or variable may be unsafe. Consider using fscanf_s instead. To disable deprecation, use _CRT_SECURE_NO_WARNINGS. See online help for details.
                 c:\program files (x86)\microsoft visual studio 10.0\vc\include\stdio.h(253) : see declaration of 'fscanf'
     1>c:\users\dell\desktop\speech\thesaurus-lookup\voice-based-thesaurus-lookup\voice-based-thesaurus-lookup\voice-based-thesaurus-lookup.cpp(942): warning C4996: 'fopen': This function or variable may be unsafe. Consider using fopen_s instead. To disable deprecation, use _CRT_SECURE_NO_WARNINGS. See online help for details.
                 c:\program files (x86)\microsoft visual studio 10.0\vc\include\stdio.h(234) : see declaration of 'fopen'
     1>c:\users\dell\desktop\speech\thesaurus-lookup\voice-based-thesaurus-lookup\voice-based-thesaurus-lookup\voice-based-thesaurus-lookup.cpp(947): warning C4996: 'fscanf': This function or variable may be unsafe. Consider using fscanf_s instead. To disable deprecation, use _CRT_SECURE_NO_WARNINGS. See online help for details.
                 c:\program files (x86)\microsoft visual studio 10.0\vc\include\stdio.h(253) : see declaration of 'fscanf'
     1>c:\users\dell\desktop\speech\thesaurus-lookup\voice-based-thesaurus-lookup\voice-based-thesaurus-lookup\voice-based-thesaurus-lookup.cpp(955): warning C4996: 'fopen': This function or variable may be unsafe. Consider using fopen_s instead. To disable deprecation, use _CRT_SECURE_NO_WARNINGS. See online help for details.
                 c:\program files (x86)\microsoft visual studio 10.0\vc\include\stdio.h(234) : see declaration of 'fopen'
     1>c:\users\dell\desktop\speech\thesaurus-lookup\voice-based-thesaurus-lookup\voice-based-thesaurus-lookup\voice-based-thesaurus-lookup.cpp(964): warning C4996: 'fscanf': This function or variable may be unsafe. Consider using fscanf_s instead. To disable deprecation, use _CRT_SECURE_NO_WARNINGS. See online help for details.
                 c:\program files (x86)\microsoft visual studio 10.0\vc\include\stdio.h(253) : see declaration of 'fscanf'
     1>c:\users\dell\desktop\speech\thesaurus-lookup\voice-based-thesaurus-lookup\voice-based-thesaurus-lookup\voice-based-thesaurus-lookup.cpp(995): warning C4996: 'sprintf': This function or variable may be unsafe. Consider using sprintf_s instead. To disable deprecation, use _CRT_SECURE_NO_WARNINGS. See online help for details.
                 c:\program files (x86)\microsoft visual studio 10.0\vc\include\stdio.h(371) : see declaration of 'sprintf'
     1>c:\users\dell\desktop\speech\thesaurus-lookup\voice-based-thesaurus-lookup\voice-based-thesaurus-lookup\voice-based-thesaurus-lookup.cpp(996): warning C4996: 'fopen': This function or variable may be unsafe. Consider using fopen_s instead. To disable deprecation, use _CRT_SECURE_NO_WARNINGS. See online help for details.
                 c:\program files (x86)\microsoft visual studio 10.0\vc\include\stdio.h(234) : see declaration of 'fopen'
     1>c:\users\dell\desktop\speech\thesaurus-lookup\voice-based-thesaurus-lookup\voice-based-thesaurus-lookup\voice-based-thesaurus-lookup.cpp(1003): warning C4996: 'fscanf': This function or variable may be unsafe. Consider using fscanf_s instead. To disable deprecation, use _CRT_SECURE_NO_WARNINGS. See online help for details.
                 c:\program files (x86)\microsoft visual studio 10.0\vc\include\stdio.h(253) : see declaration of 'fscanf'
     1>c:\users\dell\desktop\speech\thesaurus-lookup\voice-based-thesaurus-lookup\voice-based-thesaurus-lookup\voice-based-thesaurus-lookup.cpp(1018): warning C4018: '<' : signed/unsigned mismatch
     1>c:\users\dell\desktop\speech\thesaurus-lookup\voice-based-thesaurus-lookup\voice-based-thesaurus-lookup\voice-based-thesaurus-lookup.cpp(1054): warning C4996: 'sprintf': This function or variable may be unsafe. Consider using sprintf_s instead. To disable deprecation, use _CRT_SECURE_NO_WARNINGS. See online help for details.
                 c:\program files (x86)\microsoft visual studio 10.0\vc\include\stdio.h(371) : see declaration of 'sprintf'
     1>c:\users\dell\desktop\speech\thesaurus-lookup\voice-based-thesaurus-lookup\voice-based-thesaurus-lookup\voice-based-thesaurus-lookup.cpp(1055): warning C4996: 'fopen': This function or variable may be unsafe. Consider using fopen_s instead. To disable deprecation, use _CRT_SECURE_NO_WARNINGS. See online help for details.
                 c:\program files (x86)\microsoft visual studio 10.0\vc\include\stdio.h(234) : see declaration of 'fopen'
     1>c:\users\dell\desktop\speech\thesaurus-lookup\voice-based-thesaurus-lookup\voice-based-thesaurus-lookup\voice-based-thesaurus-lookup.cpp(1062): warning C4996: 'fscanf': This function or variable may be unsafe. Consider using fscanf_s instead. To disable deprecation, use _CRT_SECURE_NO_WARNINGS. See online help for details.
                 c:\program files (x86)\microsoft visual studio 10.0\vc\include\stdio.h(253) : see declaration of 'fscanf'
     1>c:\users\dell\desktop\speech\thesaurus-lookup\voice-based-thesaurus-lookup\voice-based-thesaurus-lookup\voice-based-thesaurus-lookup.cpp(1064): warning C4996: 'fscanf': This function or variable may be unsafe. Consider using fscanf_s instead. To disable deprecation, use _CRT_SECURE_NO_WARNINGS. See online help for details.
                 c:\program files (x86)\microsoft visual studio 10.0\vc\include\stdio.h(253) : see declaration of 'fscanf'
     1>c:\users\dell\desktop\speech\thesaurus-lookup\voice-based-thesaurus-lookup\voice-based-thesaurus-lookup\voice-based-thesaurus-lookup.cpp(1072): warning C4996: 'sprintf': This function or variable may be unsafe. Consider using sprintf_s instead. To disable deprecation, use _CRT_SECURE_NO_WARNINGS. See online help for details.
                 c:\program files (x86)\microsoft visual studio 10.0\vc\include\stdio.h(371) : see declaration of 'sprintf'
     1>c:\users\dell\desktop\speech\thesaurus-lookup\voice-based-thesaurus-lookup\voice-based-thesaurus-lookup\voice-based-thesaurus-lookup.cpp(1073): warning C4996: 'fopen': This function or variable may be unsafe. Consider using fopen_s instead. To disable deprecation, use _CRT_SECURE_NO_WARNINGS. See online help for details.
                 c:\program files (x86)\microsoft visual studio 10.0\vc\include\stdio.h(234) : see declaration of 'fopen'
     1>c:\users\dell\desktop\speech\thesaurus-lookup\voice-based-thesaurus-lookup\voice-based-thesaurus-lookup\voice-based-thesaurus-lookup.cpp(1080): warning C4996: 'fscanf': This function or variable may be unsafe. Consider using fscanf_s instead. To disable deprecation, use _CRT_SECURE_NO_WARNINGS. See online help for details.
                 c:\program files (x86)\microsoft visual studio 10.0\vc\include\stdio.h(253) : see declaration of 'fscanf'
     1>c:\users\dell\desktop\speech\thesaurus-lookup\voice-based-thesaurus-lookup\voice-based-thesaurus-lookup\voice-based-thesaurus-lookup.cpp(1082): warning C4996: 'fscanf': This function or variable may be unsafe. Consider using fscanf_s instead. To disable deprecation, use _CRT_SECURE_NO_WARNINGS. See online help for details.
                 c:\program files (x86)\microsoft visual studio 10.0\vc\include\stdio.h(253) : see declaration of 'fscanf'
     1>c:\users\dell\desktop\speech\thesaurus-lookup\voice-based-thesaurus-lookup\voice-based-thesaurus-lookup\voice-based-thesaurus-lookup.cpp(1097): warning C4996: 'fopen': This function or variable may be unsafe. Consider using fopen_s instead. To disable deprecation, use _CRT_SECURE_NO_WARNINGS. See online help for details.
                 c:\program files (x86)\microsoft visual studio 10.0\vc\include\stdio.h(234) : see declaration of 'fopen'
     1>c:\users\dell\desktop\speech\thesaurus-lookup\voice-based-thesaurus-lookup\voice-based-thesaurus-lookup\voice-based-thesaurus-lookup.cpp(1103): warning C4996: 'fscanf': This function or variable may be unsafe. Consider using fscanf_s instead. To disable deprecation, use _CRT_SECURE_NO_WARNINGS. See online help for details.
                 c:\program files (x86)\microsoft visual studio 10.0\vc\include\stdio.h(253) : see declaration of 'fscanf'
     1>c:\users\dell\desktop\speech\thesaurus-lookup\voice-based-thesaurus-lookup\voice-based-thesaurus-lookup\voice-based-thesaurus-lookup.cpp(1126): warning C4018: '<' : signed/unsigned mismatch
     1>c:\users\dell\desktop\speech\thesaurus-lookup\voice-based-thesaurus-lookup\voice-based-thesaurus-lookup\voice-based-thesaurus-lookup.cpp(1169): warning C4996: 'sprintf': This function or variable may be unsafe. Consider using sprintf_s instead. To disable deprecation, use _CRT_SECURE_NO_WARNINGS. See online help for details.
                 c:\program files (x86)\microsoft visual studio 10.0\vc\include\stdio.h(371) : see declaration of 'sprintf'
     1>c:\users\dell\desktop\speech\thesaurus-lookup\voice-based-thesaurus-lookup\voice-based-thesaurus-lookup\voice-based-thesaurus-lookup.cpp(1170): warning C4996: 'fopen': This function or variable may be unsafe. Consider using fopen_s instead. To disable deprecation, use _CRT_SECURE_NO_WARNINGS. See online help for details.
                 c:\program files (x86)\microsoft visual studio 10.0\vc\include\stdio.h(234) : see declaration of 'fopen'
     1>c:\users\dell\desktop\speech\thesaurus-lookup\voice-based-thesaurus-lookup\voice-based-thesaurus-lookup\voice-based-thesaurus-lookup.cpp(1177): warning C4996: 'fscanf': This function or variable may be unsafe. Consider using fscanf_s instead. To disable deprecation, use _CRT_SECURE_NO_WARNINGS. See online help for details.
                 c:\program files (x86)\microsoft visual studio 10.0\vc\include\stdio.h(253) : see declaration of 'fscanf'
     1>c:\users\dell\desktop\speech\thesaurus-lookup\voice-based-thesaurus-lookup\voice-based-thesaurus-lookup\voice-based-thesaurus-lookup.cpp(1190): warning C4018: '<' : signed/unsigned mismatch
     1>c:\users\dell\desktop\speech\thesaurus-lookup\voice-based-thesaurus-lookup\voice-based-thesaurus-lookup\voice-based-thesaurus-lookup.cpp(1208): warning C4258: 'i' : definition from the for loop is ignored; the definition from the enclosing scope is used
                 c:\users\dell\desktop\speech\thesaurus-lookup\voice-based-thesaurus-lookup\voice-based-thesaurus-lookup\voice-based-thesaurus-lookup.cpp(1190) : definition of 'i' ignored
                 c:\users\dell\desktop\speech\thesaurus-lookup\voice-based-thesaurus-lookup\voice-based-thesaurus-lookup\voice-based-thesaurus-lookup.cpp(1162) : definition of 'i' used
     1>c:\users\dell\desktop\speech\thesaurus-lookup\voice-based-thesaurus-lookup\voice-based-thesaurus-lookup\voice-based-thesaurus-lookup.cpp(1160): warning C4101: 'max_index' : unreferenced local variable
     1>c:\users\dell\desktop\speech\thesaurus-lookup\voice-based-thesaurus-lookup\voice-based-thesaurus-lookup\voice-based-thesaurus-lookup.cpp(1161): warning C4101: 'max_v' : unreferenced local variable
     1>c:\users\dell\desktop\speech\thesaurus-lookup\voice-based-thesaurus-lookup\voice-based-thesaurus-lookup\voice-based-thesaurus-lookup.cpp(1225): warning C4996: 'fopen': This function or variable may be unsafe. Consider using fopen_s instead. To disable deprecation, use _CRT_SECURE_NO_WARNINGS. See online help for details.
                 c:\program files (x86)\microsoft visual studio 10.0\vc\include\stdio.h(234) : see declaration of 'fopen'
     1>c:\users\dell\desktop\speech\thesaurus-lookup\voice-based-thesaurus-lookup\voice-based-thesaurus-lookup\voice-based-thesaurus-lookup.cpp(1231): warning C4996: 'fscanf': This function or variable may be unsafe. Consider using fscanf_s instead. To disable deprecation, use _CRT_SECURE_NO_WARNINGS. See online help for details.
                 c:\program files (x86)\microsoft visual studio 10.0\vc\include\stdio.h(253) : see declaration of 'fscanf'
     1>c:\users\dell\desktop\speech\thesaurus-lookup\voice-based-thesaurus-lookup\voice-based-thesaurus-lookup\voice-based-thesaurus-lookup.cpp(1253): warning C4018: '<' : signed/unsigned mismatch
     1>c:\users\dell\desktop\speech\thesaurus-lookup\voice-based-thesaurus-lookup\voice-based-thesaurus-lookup\voice-based-thesaurus-lookup.cpp(1219): warning C4101: 'max_index' : unreferenced local variable
     1>c:\users\dell\desktop\speech\thesaurus-lookup\voice-based-thesaurus-lookup\voice-based-thesaurus-lookup\voice-based-thesaurus-lookup.cpp(1220): warning C4101: 'max_v' : unreferenced local variable
     1>c:\users\dell\desktop\speech\thesaurus-lookup\voice-based-thesaurus-lookup\voice-based-thesaurus-lookup\voice-based-thesaurus-lookup.cpp(1292): warning C4996: 'scanf': This function or variable may be unsafe. Consider using scanf_s instead. To disable deprecation, use _CRT_SECURE_NO_WARNINGS. See online help for details.
                 c:\program files (x86)\microsoft visual studio 10.0\vc\include\stdio.h(304) : see declaration of 'scanf'
     1>c:\users\dell\desktop\speech\thesaurus-lookup\voice-based-thesaurus-lookup\voice-based-thesaurus-lookup\voice-based-thesaurus-lookup.cpp(1301): warning C4996: 'scanf': This function or variable may be unsafe. Consider using scanf_s instead. To disable deprecation, use _CRT_SECURE_NO_WARNINGS. See online help for details.
                 c:\program files (x86)\microsoft visual studio 10.0\vc\include\stdio.h(304) : see declaration of 'scanf'
     1>c:\users\dell\desktop\speech\thesaurus-lookup\voice-based-thesaurus-lookup\voice-based-thesaurus-lookup\voice-based-thesaurus-lookup.cpp(1308): warning C4996: 'scanf': This function or variable may be unsafe. Consider using scanf_s instead. To disable deprecation, use _CRT_SECURE_NO_WARNINGS. See online help for details.
                 c:\program files (x86)\microsoft visual studio 10.0\vc\include\stdio.h(304) : see declaration of 'scanf'
       ManifestResourceCompile:
         C:\Program Files (x86)\Microsoft SDKs\Windows\v7.0A\bin\rc.exe /nologo /fo"Debug\Voice-Based-Thesaurus-Lookup.exe.embed.manifest.res" Debug\Voice-Based-Thesaurus-Lookup_manifest.rc 
       Link:
         C:\Program Files (x86)\Microsoft Visual Studio 10.0\VC\bin\link.exe /ERRORREPORT:PROMPT /OUT:"C:\Users\DELL\Desktop\Speech\Thesaurus-Lookup\Voice-Based-Thesaurus-Lookup\Debug\Voice-Based-Thesaurus-Lookup.exe" /INCREMENTAL /NOLOGO kernel32.lib user32.lib gdi32.lib winspool.lib comdlg32.lib advapi32.lib shell32.lib ole32.lib oleaut32.lib uuid.lib odbc32.lib odbccp32.lib /MANIFEST /ManifestFile:"Debug\Voice-Based-Thesaurus-Lookup.exe.intermediate.manifest" /MANIFESTUAC:"level='asInvoker' uiAccess='false'" /DEBUG /PDB:"C:\Users\DELL\Desktop\Speech\Thesaurus-Lookup\Voice-Based-Thesaurus-Lookup\Debug\Voice-Based-Thesaurus-Lookup.pdb" /SUBSYSTEM:CONSOLE /TLBID:1 /DYNAMICBASE /NXCOMPAT /IMPLIB:"C:\Users\DELL\Desktop\Speech\Thesaurus-Lookup\Voice-Based-Thesaurus-Lookup\Debug\Voice-Based-Thesaurus-Lookup.lib" /MACHINE:X86 "Debug\Voice-Based-Thesaurus-Lookup.exe.embed.manifest.res"
         Debug\stdafx.obj
         "Debug\Voice-Based-Thesaurus-Lookup.obj"
       Manifest:
         C:\Program Files (x86)\Microsoft SDKs\Windows\v7.0A\bin\mt.exe /nologo /verbose /out:"Debug\Voice-Based-Thesaurus-Lookup.exe.embed.manifest" /manifest "Debug\Voice-Based-Thesaurus-Lookup.exe.intermediate.manifest"
         C:\Program Files (x86)\Microsoft SDKs\Windows\v7.0A\bin\rc.exe /nologo /fo"Debug\Voice-Based-Thesaurus-Lookup.exe.embed.manifest.res" Debug\Voice-Based-Thesaurus-Lookup_manifest.rc 
       LinkEmbedManifest:
         C:\Program Files (x86)\Microsoft Visual Studio 10.0\VC\bin\link.exe /ERRORREPORT:PROMPT /OUT:"C:\Users\DELL\Desktop\Speech\Thesaurus-Lookup\Voice-Based-Thesaurus-Lookup\Debug\Voice-Based-Thesaurus-Lookup.exe" /INCREMENTAL /NOLOGO kernel32.lib user32.lib gdi32.lib winspool.lib comdlg32.lib advapi32.lib shell32.lib ole32.lib oleaut32.lib uuid.lib odbc32.lib odbccp32.lib /MANIFEST /ManifestFile:"Debug\Voice-Based-Thesaurus-Lookup.exe.intermediate.manifest" /MANIFESTUAC:"level='asInvoker' uiAccess='false'" /DEBUG /PDB:"C:\Users\DELL\Desktop\Speech\Thesaurus-Lookup\Voice-Based-Thesaurus-Lookup\Debug\Voice-Based-Thesaurus-Lookup.pdb" /SUBSYSTEM:CONSOLE /TLBID:1 /DYNAMICBASE /NXCOMPAT /IMPLIB:"C:\Users\DELL\Desktop\Speech\Thesaurus-Lookup\Voice-Based-Thesaurus-Lookup\Debug\Voice-Based-Thesaurus-Lookup.lib" /MACHINE:X86 "Debug\Voice-Based-Thesaurus-Lookup.exe.embed.manifest.res"
         Debug\stdafx.obj
         "Debug\Voice-Based-Thesaurus-Lookup.obj"
         Voice-Based-Thesaurus-Lookup.vcxproj -> C:\Users\DELL\Desktop\Speech\Thesaurus-Lookup\Voice-Based-Thesaurus-Lookup\Debug\Voice-Based-Thesaurus-Lookup.exe
       FinalizeBuildStatus:
         Deleting file "Debug\Voice-Based-Thesaurus-Lookup.unsuccessfulbuild".
         Touching "Debug\Voice-Based-Thesaurus-Lookup.lastbuildstate".
     1>Done Building Project "C:\Users\DELL\Desktop\Speech\Thesaurus-Lookup\Voice-Based-Thesaurus-Lookup\Voice-Based-Thesaurus-Lookup\Voice-Based-Thesaurus-Lookup.vcxproj" (build target(s)).

Build succeeded.

Time Elapsed 00:00:31.84
